<?xml version="1.0" encoding="UTF-8"?>
<testsuite name="automation testing" tests="1" skipped="0" failures="0" errors="0" timestamp="2021-02-17T04:06:33" hostname="ASUS" time="30.621">
  <properties/>
  <testcase name="Fill out the form for the respective registration" classname="automation testing" time="30.621"/>
  <system-out><![CDATA[]]></system-out>
  <system-err><![CDATA[[Test worker] WARN net.thucydides.core.steps.BaseStepListener - stepStarted: net.thucydides.core.steps.ExecutedStepDescription@601dd95f
[Test worker] WARN net.thucydides.core.steps.BaseStepListener - stepStarted: net.thucydides.core.steps.ExecutedStepDescription@7eed0b32
[Test worker] WARN net.thucydides.core.steps.BaseStepListener - stepStarted: net.thucydides.core.steps.ExecutedStepDescription@631c01ae
feb 16, 2021 11:06:34 PM org.openqa.selenium.remote.DesiredCapabilities chrome
INFORMACIÓN: Using `new ChromeOptions()` is preferred to `DesiredCapabilities.chrome()`
[Test worker] INFO net.serenitybdd.core.webdriver.driverproviders.ProvideNewDriver - Instantiating driver
[Test worker] INFO net.serenitybdd.core.webdriver.driverproviders.ProvideNewDriver - Driver capabilities: Capabilities {acceptInsecureCerts: false, browserName: chrome, chrome.switches: --start-maximized, goog:chromeOptions: {args: [--start-maximized], extensions: []}, loggingPrefs: org.openqa.selenium.logging..., platform: ANY, version: }
Starting ChromeDriver 87.0.4280.88 (89e2380a3e36c3464b5dd1302349b1382549290d-refs/branch-heads/4280@{#1761}) on port 13244
Only local connections are allowed.
Please see https://chromedriver.chromium.org/security-considerations for suggestions on keeping ChromeDriver safe.
ChromeDriver was started successfully.
[1613534798.290][WARNING]: This version of ChromeDriver has not been tested with Chrome version 88.
feb 16, 2021 11:06:40 PM org.openqa.selenium.remote.ProtocolHandshake createSession
INFORMACIÓN: Detected dialect: W3C
[Test worker] WARN net.thucydides.core.steps.BaseStepListener - stepFinished: current outcome:Fill out the form for the respective registration:Given brandon opens the website for registration [Brandon open up [brandon opens the Automation demo site]]
[Test worker] WARN net.thucydides.core.steps.BaseStepListener - stepFinished: current outcome:Fill out the form for the respective registration:Given brandon opens the website for registration [Brandon open up [brandon opens the Automation demo site]]
[Test worker] WARN net.thucydides.core.steps.BaseStepListener - stepFinished: current outcome:Fill out the form for the respective registration:Given brandon opens the website for registration [Brandon open up [brandon opens the Automation demo site]]
[Test worker] WARN net.thucydides.core.steps.BaseStepListener - stepStarted: net.thucydides.core.steps.ExecutedStepDescription@4c9702a2
[Test worker] WARN net.thucydides.core.steps.BaseStepListener - stepStarted: net.thucydides.core.steps.ExecutedStepDescription@48bddfd3
[Test worker] WARN net.thucydides.core.steps.BaseStepListener - stepStarted: net.thucydides.core.steps.ExecutedStepDescription@4a28da92
[Test worker] WARN net.thucydides.core.steps.BaseStepListener - stepFinished: current outcome:Fill out the form for the respective registration:Given brandon opens the website for registration [Brandon open up [brandon opens the Automation demo site]], When brandon fills out the form for the respective registration
| firstName | lastName | address | emailaddress | phone | languages | skills | country | selectcountry | yearbirth | monthbirth | daybirth | password |
| John | Alvarez | Calle 70 | jonalv@gmail.com | 3104500101 | English | Java | Colombia | Australia | 1986 | March | 10 | Jonalv10+ | [Brandon first step register [brandon enters 'John' into First name]]
[Test worker] WARN net.thucydides.core.steps.BaseStepListener - stepStarted: net.thucydides.core.steps.ExecutedStepDescription@1eaaa35
[Test worker] WARN net.thucydides.core.steps.BaseStepListener - stepFinished: current outcome:Fill out the form for the respective registration:Given brandon opens the website for registration [Brandon open up [brandon opens the Automation demo site]], When brandon fills out the form for the respective registration
| firstName | lastName | address | emailaddress | phone | languages | skills | country | selectcountry | yearbirth | monthbirth | daybirth | password |
| John | Alvarez | Calle 70 | jonalv@gmail.com | 3104500101 | English | Java | Colombia | Australia | 1986 | March | 10 | Jonalv10+ | [Brandon first step register [brandon enters 'John' into First name, brandon enters 'Alvarez' into last name]]
[Test worker] WARN net.thucydides.core.steps.BaseStepListener - stepStarted: net.thucydides.core.steps.ExecutedStepDescription@3e76f28c
[Test worker] WARN net.thucydides.core.steps.BaseStepListener - stepFinished: current outcome:Fill out the form for the respective registration:Given brandon opens the website for registration [Brandon open up [brandon opens the Automation demo site]], When brandon fills out the form for the respective registration
| firstName | lastName | address | emailaddress | phone | languages | skills | country | selectcountry | yearbirth | monthbirth | daybirth | password |
| John | Alvarez | Calle 70 | jonalv@gmail.com | 3104500101 | English | Java | Colombia | Australia | 1986 | March | 10 | Jonalv10+ | [Brandon first step register [brandon enters 'John' into First name, brandon enters 'Alvarez' into last name, brandon enters 'Calle 70' into Address]]
[Test worker] WARN net.thucydides.core.steps.BaseStepListener - stepStarted: net.thucydides.core.steps.ExecutedStepDescription@3b86205a
[Test worker] WARN net.thucydides.core.steps.BaseStepListener - stepFinished: current outcome:Fill out the form for the respective registration:Given brandon opens the website for registration [Brandon open up [brandon opens the Automation demo site]], When brandon fills out the form for the respective registration
| firstName | lastName | address | emailaddress | phone | languages | skills | country | selectcountry | yearbirth | monthbirth | daybirth | password |
| John | Alvarez | Calle 70 | jonalv@gmail.com | 3104500101 | English | Java | Colombia | Australia | 1986 | March | 10 | Jonalv10+ | [Brandon first step register [brandon enters 'John' into First name, brandon enters 'Alvarez' into last name, brandon enters 'Calle 70' into Address, brandon enters 'jonalv@gmail.com' into Email]]
[Test worker] WARN net.thucydides.core.steps.BaseStepListener - stepStarted: net.thucydides.core.steps.ExecutedStepDescription@7db952ba
[Test worker] WARN net.thucydides.core.steps.BaseStepListener - stepFinished: current outcome:Fill out the form for the respective registration:Given brandon opens the website for registration [Brandon open up [brandon opens the Automation demo site]], When brandon fills out the form for the respective registration
| firstName | lastName | address | emailaddress | phone | languages | skills | country | selectcountry | yearbirth | monthbirth | daybirth | password |
| John | Alvarez | Calle 70 | jonalv@gmail.com | 3104500101 | English | Java | Colombia | Australia | 1986 | March | 10 | Jonalv10+ | [Brandon first step register [brandon enters 'John' into First name, brandon enters 'Alvarez' into last name, brandon enters 'Calle 70' into Address, brandon enters 'jonalv@gmail.com' into Email, brandon enters '3104500101' into Phone]]
[Test worker] WARN net.thucydides.core.steps.BaseStepListener - stepStarted: net.thucydides.core.steps.ExecutedStepDescription@727957ff
[Test worker] WARN net.thucydides.core.steps.BaseStepListener - stepFinished: current outcome:Fill out the form for the respective registration:Given brandon opens the website for registration [Brandon open up [brandon opens the Automation demo site]], When brandon fills out the form for the respective registration
| firstName | lastName | address | emailaddress | phone | languages | skills | country | selectcountry | yearbirth | monthbirth | daybirth | password |
| John | Alvarez | Calle 70 | jonalv@gmail.com | 3104500101 | English | Java | Colombia | Australia | 1986 | March | 10 | Jonalv10+ | [Brandon first step register [brandon enters 'John' into First name, brandon enters 'Alvarez' into last name, brandon enters 'Calle 70' into Address, brandon enters 'jonalv@gmail.com' into Email, brandon enters '3104500101' into Phone, brandon clicks on Gender]]
[Test worker] WARN net.thucydides.core.steps.BaseStepListener - stepStarted: net.thucydides.core.steps.ExecutedStepDescription@54c0904e
[Test worker] WARN net.thucydides.core.steps.BaseStepListener - stepFinished: current outcome:Fill out the form for the respective registration:Given brandon opens the website for registration [Brandon open up [brandon opens the Automation demo site]], When brandon fills out the form for the respective registration
| firstName | lastName | address | emailaddress | phone | languages | skills | country | selectcountry | yearbirth | monthbirth | daybirth | password |
| John | Alvarez | Calle 70 | jonalv@gmail.com | 3104500101 | English | Java | Colombia | Australia | 1986 | March | 10 | Jonalv10+ | [Brandon first step register [brandon enters 'John' into First name, brandon enters 'Alvarez' into last name, brandon enters 'Calle 70' into Address, brandon enters 'jonalv@gmail.com' into Email, brandon enters '3104500101' into Phone, brandon clicks on Gender, brandon clicks on Hobbies]]
[Test worker] WARN net.thucydides.core.steps.BaseStepListener - stepStarted: net.thucydides.core.steps.ExecutedStepDescription@29edc2ae
[Test worker] WARN net.thucydides.core.steps.BaseStepListener - stepFinished: current outcome:Fill out the form for the respective registration:Given brandon opens the website for registration [Brandon open up [brandon opens the Automation demo site]], When brandon fills out the form for the respective registration
| firstName | lastName | address | emailaddress | phone | languages | skills | country | selectcountry | yearbirth | monthbirth | daybirth | password |
| John | Alvarez | Calle 70 | jonalv@gmail.com | 3104500101 | English | Java | Colombia | Australia | 1986 | March | 10 | Jonalv10+ | [Brandon first step register [brandon enters 'John' into First name, brandon enters 'Alvarez' into last name, brandon enters 'Calle 70' into Address, brandon enters 'jonalv@gmail.com' into Email, brandon enters '3104500101' into Phone, brandon clicks on Gender, brandon clicks on Hobbies, brandon clicks on Campo donde se ingresa el idioma]]
[Test worker] WARN net.thucydides.core.steps.BaseStepListener - stepStarted: net.thucydides.core.steps.ExecutedStepDescription@5e677364
[Test worker] WARN net.thucydides.core.steps.BaseStepListener - stepFinished: current outcome:Fill out the form for the respective registration:Given brandon opens the website for registration [Brandon open up [brandon opens the Automation demo site]], When brandon fills out the form for the respective registration
| firstName | lastName | address | emailaddress | phone | languages | skills | country | selectcountry | yearbirth | monthbirth | daybirth | password |
| John | Alvarez | Calle 70 | jonalv@gmail.com | 3104500101 | English | Java | Colombia | Australia | 1986 | March | 10 | Jonalv10+ | [Brandon first step register [brandon enters 'John' into First name, brandon enters 'Alvarez' into last name, brandon enters 'Calle 70' into Address, brandon enters 'jonalv@gmail.com' into Email, brandon enters '3104500101' into Phone, brandon clicks on Gender, brandon clicks on Hobbies, brandon clicks on Campo donde se ingresa el idioma, brandon clicks on Campo donde se ingresa el idioma]]
[Test worker] WARN net.thucydides.core.steps.BaseStepListener - stepStarted: net.thucydides.core.steps.ExecutedStepDescription@1ee2ab80
[Test worker] WARN net.thucydides.core.steps.BaseStepListener - stepFinished: current outcome:Fill out the form for the respective registration:Given brandon opens the website for registration [Brandon open up [brandon opens the Automation demo site]], When brandon fills out the form for the respective registration
| firstName | lastName | address | emailaddress | phone | languages | skills | country | selectcountry | yearbirth | monthbirth | daybirth | password |
| John | Alvarez | Calle 70 | jonalv@gmail.com | 3104500101 | English | Java | Colombia | Australia | 1986 | March | 10 | Jonalv10+ | [Brandon first step register [brandon enters 'John' into First name, brandon enters 'Alvarez' into last name, brandon enters 'Calle 70' into Address, brandon enters 'jonalv@gmail.com' into Email, brandon enters '3104500101' into Phone, brandon clicks on Gender, brandon clicks on Hobbies, brandon clicks on Campo donde se ingresa el idioma, brandon clicks on Campo donde se ingresa el idioma, brandon clicks on Skills]]
[Test worker] WARN net.thucydides.core.steps.BaseStepListener - stepStarted: net.thucydides.core.steps.ExecutedStepDescription@251d968c
[Test worker] WARN net.thucydides.core.steps.BaseStepListener - stepFinished: current outcome:Fill out the form for the respective registration:Given brandon opens the website for registration [Brandon open up [brandon opens the Automation demo site]], When brandon fills out the form for the respective registration
| firstName | lastName | address | emailaddress | phone | languages | skills | country | selectcountry | yearbirth | monthbirth | daybirth | password |
| John | Alvarez | Calle 70 | jonalv@gmail.com | 3104500101 | English | Java | Colombia | Australia | 1986 | March | 10 | Jonalv10+ | [Brandon first step register [brandon enters 'John' into First name, brandon enters 'Alvarez' into last name, brandon enters 'Calle 70' into Address, brandon enters 'jonalv@gmail.com' into Email, brandon enters '3104500101' into Phone, brandon clicks on Gender, brandon clicks on Hobbies, brandon clicks on Campo donde se ingresa el idioma, brandon clicks on Campo donde se ingresa el idioma, brandon clicks on Skills, brandon select Java on Skills]]
[Test worker] WARN net.thucydides.core.steps.BaseStepListener - stepStarted: net.thucydides.core.steps.ExecutedStepDescription@6df4b37d
[Test worker] WARN net.thucydides.core.steps.BaseStepListener - stepFinished: current outcome:Fill out the form for the respective registration:Given brandon opens the website for registration [Brandon open up [brandon opens the Automation demo site]], When brandon fills out the form for the respective registration
| firstName | lastName | address | emailaddress | phone | languages | skills | country | selectcountry | yearbirth | monthbirth | daybirth | password |
| John | Alvarez | Calle 70 | jonalv@gmail.com | 3104500101 | English | Java | Colombia | Australia | 1986 | March | 10 | Jonalv10+ | [Brandon first step register [brandon enters 'John' into First name, brandon enters 'Alvarez' into last name, brandon enters 'Calle 70' into Address, brandon enters 'jonalv@gmail.com' into Email, brandon enters '3104500101' into Phone, brandon clicks on Gender, brandon clicks on Hobbies, brandon clicks on Campo donde se ingresa el idioma, brandon clicks on Campo donde se ingresa el idioma, brandon clicks on Skills, brandon select Java on Skills, brandon clicks on Country]]
[Test worker] WARN net.thucydides.core.steps.BaseStepListener - stepStarted: net.thucydides.core.steps.ExecutedStepDescription@5b2034f4
[Test worker] WARN net.thucydides.core.steps.BaseStepListener - stepFinished: current outcome:Fill out the form for the respective registration:Given brandon opens the website for registration [Brandon open up [brandon opens the Automation demo site]], When brandon fills out the form for the respective registration
| firstName | lastName | address | emailaddress | phone | languages | skills | country | selectcountry | yearbirth | monthbirth | daybirth | password |
| John | Alvarez | Calle 70 | jonalv@gmail.com | 3104500101 | English | Java | Colombia | Australia | 1986 | March | 10 | Jonalv10+ | [Brandon first step register [brandon enters 'John' into First name, brandon enters 'Alvarez' into last name, brandon enters 'Calle 70' into Address, brandon enters 'jonalv@gmail.com' into Email, brandon enters '3104500101' into Phone, brandon clicks on Gender, brandon clicks on Hobbies, brandon clicks on Campo donde se ingresa el idioma, brandon clicks on Campo donde se ingresa el idioma, brandon clicks on Skills, brandon select Java on Skills, brandon clicks on Country, brandon select Colombia on Country]]
[Test worker] WARN net.thucydides.core.steps.BaseStepListener - stepStarted: net.thucydides.core.steps.ExecutedStepDescription@8983284
[Test worker] WARN net.thucydides.core.steps.BaseStepListener - stepFinished: current outcome:Fill out the form for the respective registration:Given brandon opens the website for registration [Brandon open up [brandon opens the Automation demo site]], When brandon fills out the form for the respective registration
| firstName | lastName | address | emailaddress | phone | languages | skills | country | selectcountry | yearbirth | monthbirth | daybirth | password |
| John | Alvarez | Calle 70 | jonalv@gmail.com | 3104500101 | English | Java | Colombia | Australia | 1986 | March | 10 | Jonalv10+ | [Brandon first step register [brandon enters 'John' into First name, brandon enters 'Alvarez' into last name, brandon enters 'Calle 70' into Address, brandon enters 'jonalv@gmail.com' into Email, brandon enters '3104500101' into Phone, brandon clicks on Gender, brandon clicks on Hobbies, brandon clicks on Campo donde se ingresa el idioma, brandon clicks on Campo donde se ingresa el idioma, brandon clicks on Skills, brandon select Java on Skills, brandon clicks on Country, brandon select Colombia on Country, brandon clicks on Selec country combobox]]
[Test worker] WARN net.thucydides.core.steps.BaseStepListener - stepStarted: net.thucydides.core.steps.ExecutedStepDescription@7ad42c6a
[Test worker] WARN net.thucydides.core.steps.BaseStepListener - stepFinished: current outcome:Fill out the form for the respective registration:Given brandon opens the website for registration [Brandon open up [brandon opens the Automation demo site]], When brandon fills out the form for the respective registration
| firstName | lastName | address | emailaddress | phone | languages | skills | country | selectcountry | yearbirth | monthbirth | daybirth | password |
| John | Alvarez | Calle 70 | jonalv@gmail.com | 3104500101 | English | Java | Colombia | Australia | 1986 | March | 10 | Jonalv10+ | [Brandon first step register [brandon enters 'John' into First name, brandon enters 'Alvarez' into last name, brandon enters 'Calle 70' into Address, brandon enters 'jonalv@gmail.com' into Email, brandon enters '3104500101' into Phone, brandon clicks on Gender, brandon clicks on Hobbies, brandon clicks on Campo donde se ingresa el idioma, brandon clicks on Campo donde se ingresa el idioma, brandon clicks on Skills, brandon select Java on Skills, brandon clicks on Country, brandon select Colombia on Country, brandon clicks on Selec country combobox, brandon enters 'Australia' into Selec country option]]
[Test worker] WARN net.thucydides.core.steps.BaseStepListener - stepStarted: net.thucydides.core.steps.ExecutedStepDescription@26e96616
[Test worker] WARN net.thucydides.core.steps.BaseStepListener - stepFinished: current outcome:Fill out the form for the respective registration:Given brandon opens the website for registration [Brandon open up [brandon opens the Automation demo site]], When brandon fills out the form for the respective registration
| firstName | lastName | address | emailaddress | phone | languages | skills | country | selectcountry | yearbirth | monthbirth | daybirth | password |
| John | Alvarez | Calle 70 | jonalv@gmail.com | 3104500101 | English | Java | Colombia | Australia | 1986 | March | 10 | Jonalv10+ | [Brandon first step register [brandon enters 'John' into First name, brandon enters 'Alvarez' into last name, brandon enters 'Calle 70' into Address, brandon enters 'jonalv@gmail.com' into Email, brandon enters '3104500101' into Phone, brandon clicks on Gender, brandon clicks on Hobbies, brandon clicks on Campo donde se ingresa el idioma, brandon clicks on Campo donde se ingresa el idioma, brandon clicks on Skills, brandon select Java on Skills, brandon clicks on Country, brandon select Colombia on Country, brandon clicks on Selec country combobox, brandon enters 'Australia' into Selec country option, brandon clicks on Year birth]]
[Test worker] WARN net.thucydides.core.steps.BaseStepListener - stepStarted: net.thucydides.core.steps.ExecutedStepDescription@573c2a5f
[Test worker] WARN net.thucydides.core.steps.BaseStepListener - stepFinished: current outcome:Fill out the form for the respective registration:Given brandon opens the website for registration [Brandon open up [brandon opens the Automation demo site]], When brandon fills out the form for the respective registration
| firstName | lastName | address | emailaddress | phone | languages | skills | country | selectcountry | yearbirth | monthbirth | daybirth | password |
| John | Alvarez | Calle 70 | jonalv@gmail.com | 3104500101 | English | Java | Colombia | Australia | 1986 | March | 10 | Jonalv10+ | [Brandon first step register [brandon enters 'John' into First name, brandon enters 'Alvarez' into last name, brandon enters 'Calle 70' into Address, brandon enters 'jonalv@gmail.com' into Email, brandon enters '3104500101' into Phone, brandon clicks on Gender, brandon clicks on Hobbies, brandon clicks on Campo donde se ingresa el idioma, brandon clicks on Campo donde se ingresa el idioma, brandon clicks on Skills, brandon select Java on Skills, brandon clicks on Country, brandon select Colombia on Country, brandon clicks on Selec country combobox, brandon enters 'Australia' into Selec country option, brandon clicks on Year birth, brandon select 1986 on Year birth]]
[Test worker] WARN net.thucydides.core.steps.BaseStepListener - stepStarted: net.thucydides.core.steps.ExecutedStepDescription@18dbae6c
[Test worker] WARN net.thucydides.core.steps.BaseStepListener - stepFinished: current outcome:Fill out the form for the respective registration:Given brandon opens the website for registration [Brandon open up [brandon opens the Automation demo site]], When brandon fills out the form for the respective registration
| firstName | lastName | address | emailaddress | phone | languages | skills | country | selectcountry | yearbirth | monthbirth | daybirth | password |
| John | Alvarez | Calle 70 | jonalv@gmail.com | 3104500101 | English | Java | Colombia | Australia | 1986 | March | 10 | Jonalv10+ | [Brandon first step register [brandon enters 'John' into First name, brandon enters 'Alvarez' into last name, brandon enters 'Calle 70' into Address, brandon enters 'jonalv@gmail.com' into Email, brandon enters '3104500101' into Phone, brandon clicks on Gender, brandon clicks on Hobbies, brandon clicks on Campo donde se ingresa el idioma, brandon clicks on Campo donde se ingresa el idioma, brandon clicks on Skills, brandon select Java on Skills, brandon clicks on Country, brandon select Colombia on Country, brandon clicks on Selec country combobox, brandon enters 'Australia' into Selec country option, brandon clicks on Year birth, brandon select 1986 on Year birth, brandon clicks on Month birth]]
[Test worker] WARN net.thucydides.core.steps.BaseStepListener - stepStarted: net.thucydides.core.steps.ExecutedStepDescription@700bb05
[Test worker] WARN net.thucydides.core.steps.BaseStepListener - stepFinished: current outcome:Fill out the form for the respective registration:Given brandon opens the website for registration [Brandon open up [brandon opens the Automation demo site]], When brandon fills out the form for the respective registration
| firstName | lastName | address | emailaddress | phone | languages | skills | country | selectcountry | yearbirth | monthbirth | daybirth | password |
| John | Alvarez | Calle 70 | jonalv@gmail.com | 3104500101 | English | Java | Colombia | Australia | 1986 | March | 10 | Jonalv10+ | [Brandon first step register [brandon enters 'John' into First name, brandon enters 'Alvarez' into last name, brandon enters 'Calle 70' into Address, brandon enters 'jonalv@gmail.com' into Email, brandon enters '3104500101' into Phone, brandon clicks on Gender, brandon clicks on Hobbies, brandon clicks on Campo donde se ingresa el idioma, brandon clicks on Campo donde se ingresa el idioma, brandon clicks on Skills, brandon select Java on Skills, brandon clicks on Country, brandon select Colombia on Country, brandon clicks on Selec country combobox, brandon enters 'Australia' into Selec country option, brandon clicks on Year birth, brandon select 1986 on Year birth, brandon clicks on Month birth, brandon select March on Month birth]]
[Test worker] WARN net.thucydides.core.steps.BaseStepListener - stepStarted: net.thucydides.core.steps.ExecutedStepDescription@2cd2e528
[Test worker] WARN net.thucydides.core.steps.BaseStepListener - stepFinished: current outcome:Fill out the form for the respective registration:Given brandon opens the website for registration [Brandon open up [brandon opens the Automation demo site]], When brandon fills out the form for the respective registration
| firstName | lastName | address | emailaddress | phone | languages | skills | country | selectcountry | yearbirth | monthbirth | daybirth | password |
| John | Alvarez | Calle 70 | jonalv@gmail.com | 3104500101 | English | Java | Colombia | Australia | 1986 | March | 10 | Jonalv10+ | [Brandon first step register [brandon enters 'John' into First name, brandon enters 'Alvarez' into last name, brandon enters 'Calle 70' into Address, brandon enters 'jonalv@gmail.com' into Email, brandon enters '3104500101' into Phone, brandon clicks on Gender, brandon clicks on Hobbies, brandon clicks on Campo donde se ingresa el idioma, brandon clicks on Campo donde se ingresa el idioma, brandon clicks on Skills, brandon select Java on Skills, brandon clicks on Country, brandon select Colombia on Country, brandon clicks on Selec country combobox, brandon enters 'Australia' into Selec country option, brandon clicks on Year birth, brandon select 1986 on Year birth, brandon clicks on Month birth, brandon select March on Month birth, brandon clicks on Day birth]]
[Test worker] WARN net.thucydides.core.steps.BaseStepListener - stepStarted: net.thucydides.core.steps.ExecutedStepDescription@54050e6b
[Test worker] WARN net.thucydides.core.steps.BaseStepListener - stepFinished: current outcome:Fill out the form for the respective registration:Given brandon opens the website for registration [Brandon open up [brandon opens the Automation demo site]], When brandon fills out the form for the respective registration
| firstName | lastName | address | emailaddress | phone | languages | skills | country | selectcountry | yearbirth | monthbirth | daybirth | password |
| John | Alvarez | Calle 70 | jonalv@gmail.com | 3104500101 | English | Java | Colombia | Australia | 1986 | March | 10 | Jonalv10+ | [Brandon first step register [brandon enters 'John' into First name, brandon enters 'Alvarez' into last name, brandon enters 'Calle 70' into Address, brandon enters 'jonalv@gmail.com' into Email, brandon enters '3104500101' into Phone, brandon clicks on Gender, brandon clicks on Hobbies, brandon clicks on Campo donde se ingresa el idioma, brandon clicks on Campo donde se ingresa el idioma, brandon clicks on Skills, brandon select Java on Skills, brandon clicks on Country, brandon select Colombia on Country, brandon clicks on Selec country combobox, brandon enters 'Australia' into Selec country option, brandon clicks on Year birth, brandon select 1986 on Year birth, brandon clicks on Month birth, brandon select March on Month birth, brandon clicks on Day birth, brandon select 10 on Day birth]]
[Test worker] WARN net.thucydides.core.steps.BaseStepListener - stepStarted: net.thucydides.core.steps.ExecutedStepDescription@2393dec8
[Test worker] WARN net.thucydides.core.steps.BaseStepListener - stepFinished: current outcome:Fill out the form for the respective registration:Given brandon opens the website for registration [Brandon open up [brandon opens the Automation demo site]], When brandon fills out the form for the respective registration
| firstName | lastName | address | emailaddress | phone | languages | skills | country | selectcountry | yearbirth | monthbirth | daybirth | password |
| John | Alvarez | Calle 70 | jonalv@gmail.com | 3104500101 | English | Java | Colombia | Australia | 1986 | March | 10 | Jonalv10+ | [Brandon first step register [brandon enters 'John' into First name, brandon enters 'Alvarez' into last name, brandon enters 'Calle 70' into Address, brandon enters 'jonalv@gmail.com' into Email, brandon enters '3104500101' into Phone, brandon clicks on Gender, brandon clicks on Hobbies, brandon clicks on Campo donde se ingresa el idioma, brandon clicks on Campo donde se ingresa el idioma, brandon clicks on Skills, brandon select Java on Skills, brandon clicks on Country, brandon select Colombia on Country, brandon clicks on Selec country combobox, brandon enters 'Australia' into Selec country option, brandon clicks on Year birth, brandon select 1986 on Year birth, brandon clicks on Month birth, brandon select March on Month birth, brandon clicks on Day birth, brandon select 10 on Day birth, brandon enters 'Jonalv10+' into Password]]
[Test worker] WARN net.thucydides.core.steps.BaseStepListener - stepStarted: net.thucydides.core.steps.ExecutedStepDescription@6f3ea388
[Test worker] WARN net.thucydides.core.steps.BaseStepListener - stepFinished: current outcome:Fill out the form for the respective registration:Given brandon opens the website for registration [Brandon open up [brandon opens the Automation demo site]], When brandon fills out the form for the respective registration
| firstName | lastName | address | emailaddress | phone | languages | skills | country | selectcountry | yearbirth | monthbirth | daybirth | password |
| John | Alvarez | Calle 70 | jonalv@gmail.com | 3104500101 | English | Java | Colombia | Australia | 1986 | March | 10 | Jonalv10+ | [Brandon first step register [brandon enters 'John' into First name, brandon enters 'Alvarez' into last name, brandon enters 'Calle 70' into Address, brandon enters 'jonalv@gmail.com' into Email, brandon enters '3104500101' into Phone, brandon clicks on Gender, brandon clicks on Hobbies, brandon clicks on Campo donde se ingresa el idioma, brandon clicks on Campo donde se ingresa el idioma, brandon clicks on Skills, brandon select Java on Skills, brandon clicks on Country, brandon select Colombia on Country, brandon clicks on Selec country combobox, brandon enters 'Australia' into Selec country option, brandon clicks on Year birth, brandon select 1986 on Year birth, brandon clicks on Month birth, brandon select March on Month birth, brandon clicks on Day birth, brandon select 10 on Day birth, brandon enters 'Jonalv10+' into Password, brandon enters 'Jonalv10+' into confirm password]]
[Test worker] WARN net.thucydides.core.steps.BaseStepListener - stepStarted: net.thucydides.core.steps.ExecutedStepDescription@61e14aae
[Test worker] WARN net.thucydides.core.steps.BaseStepListener - stepFinished: current outcome:Fill out the form for the respective registration:Given brandon opens the website for registration [Brandon open up [brandon opens the Automation demo site]], When brandon fills out the form for the respective registration
| firstName | lastName | address | emailaddress | phone | languages | skills | country | selectcountry | yearbirth | monthbirth | daybirth | password |
| John | Alvarez | Calle 70 | jonalv@gmail.com | 3104500101 | English | Java | Colombia | Australia | 1986 | March | 10 | Jonalv10+ | [Brandon first step register [brandon enters 'John' into First name, brandon enters 'Alvarez' into last name, brandon enters 'Calle 70' into Address, brandon enters 'jonalv@gmail.com' into Email, brandon enters '3104500101' into Phone, brandon clicks on Gender, brandon clicks on Hobbies, brandon clicks on Campo donde se ingresa el idioma, brandon clicks on Campo donde se ingresa el idioma, brandon clicks on Skills, brandon select Java on Skills, brandon clicks on Country, brandon select Colombia on Country, brandon clicks on Selec country combobox, brandon enters 'Australia' into Selec country option, brandon clicks on Year birth, brandon select 1986 on Year birth, brandon clicks on Month birth, brandon select March on Month birth, brandon clicks on Day birth, brandon select 10 on Day birth, brandon enters 'Jonalv10+' into Password, brandon enters 'Jonalv10+' into confirm password, brandon clicks on Upload Register]]
[Test worker] WARN net.thucydides.core.steps.BaseStepListener - stepFinished: current outcome:Fill out the form for the respective registration:Given brandon opens the website for registration [Brandon open up [brandon opens the Automation demo site]], When brandon fills out the form for the respective registration
| firstName | lastName | address | emailaddress | phone | languages | skills | country | selectcountry | yearbirth | monthbirth | daybirth | password |
| John | Alvarez | Calle 70 | jonalv@gmail.com | 3104500101 | English | Java | Colombia | Australia | 1986 | March | 10 | Jonalv10+ | [Brandon first step register [brandon enters 'John' into First name, brandon enters 'Alvarez' into last name, brandon enters 'Calle 70' into Address, brandon enters 'jonalv@gmail.com' into Email, brandon enters '3104500101' into Phone, brandon clicks on Gender, brandon clicks on Hobbies, brandon clicks on Campo donde se ingresa el idioma, brandon clicks on Campo donde se ingresa el idioma, brandon clicks on Skills, brandon select Java on Skills, brandon clicks on Country, brandon select Colombia on Country, brandon clicks on Selec country combobox, brandon enters 'Australia' into Selec country option, brandon clicks on Year birth, brandon select 1986 on Year birth, brandon clicks on Month birth, brandon select March on Month birth, brandon clicks on Day birth, brandon select 10 on Day birth, brandon enters 'Jonalv10+' into Password, brandon enters 'Jonalv10+' into confirm password, brandon clicks on Upload Register]]
[Test worker] WARN net.thucydides.core.steps.BaseStepListener - stepFinished: current outcome:Fill out the form for the respective registration:Given brandon opens the website for registration [Brandon open up [brandon opens the Automation demo site]], When brandon fills out the form for the respective registration
| firstName | lastName | address | emailaddress | phone | languages | skills | country | selectcountry | yearbirth | monthbirth | daybirth | password |
| John | Alvarez | Calle 70 | jonalv@gmail.com | 3104500101 | English | Java | Colombia | Australia | 1986 | March | 10 | Jonalv10+ | [Brandon first step register [brandon enters 'John' into First name, brandon enters 'Alvarez' into last name, brandon enters 'Calle 70' into Address, brandon enters 'jonalv@gmail.com' into Email, brandon enters '3104500101' into Phone, brandon clicks on Gender, brandon clicks on Hobbies, brandon clicks on Campo donde se ingresa el idioma, brandon clicks on Campo donde se ingresa el idioma, brandon clicks on Skills, brandon select Java on Skills, brandon clicks on Country, brandon select Colombia on Country, brandon clicks on Selec country combobox, brandon enters 'Australia' into Selec country option, brandon clicks on Year birth, brandon select 1986 on Year birth, brandon clicks on Month birth, brandon select March on Month birth, brandon clicks on Day birth, brandon select 10 on Day birth, brandon enters 'Jonalv10+' into Password, brandon enters 'Jonalv10+' into confirm password, brandon clicks on Upload Register]]
[Test worker] WARN net.thucydides.core.steps.BaseStepListener - stepStarted: net.thucydides.core.steps.ExecutedStepDescription@2ec96054
[Test worker] WARN net.thucydides.core.steps.BaseStepListener - stepFinished: current outcome:Fill out the form for the respective registration:Given brandon opens the website for registration [Brandon open up [brandon opens the Automation demo site]], When brandon fills out the form for the respective registration
| firstName | lastName | address | emailaddress | phone | languages | skills | country | selectcountry | yearbirth | monthbirth | daybirth | password |
| John | Alvarez | Calle 70 | jonalv@gmail.com | 3104500101 | English | Java | Colombia | Australia | 1986 | March | 10 | Jonalv10+ | [Brandon first step register [brandon enters 'John' into First name, brandon enters 'Alvarez' into last name, brandon enters 'Calle 70' into Address, brandon enters 'jonalv@gmail.com' into Email, brandon enters '3104500101' into Phone, brandon clicks on Gender, brandon clicks on Hobbies, brandon clicks on Campo donde se ingresa el idioma, brandon clicks on Campo donde se ingresa el idioma, brandon clicks on Skills, brandon select Java on Skills, brandon clicks on Country, brandon select Colombia on Country, brandon clicks on Selec country combobox, brandon enters 'Australia' into Selec country option, brandon clicks on Year birth, brandon select 1986 on Year birth, brandon clicks on Month birth, brandon select March on Month birth, brandon clicks on Day birth, brandon select 10 on Day birth, brandon enters 'Jonalv10+' into Password, brandon enters 'Jonalv10+' into confirm password, brandon clicks on Upload Register]], Then brandon finally completes his registration successfully
[Test worker] WARN net.thucydides.core.steps.BaseStepListener - testFinished: Fill out the form for the respective registration:Given brandon opens the website for registration [Brandon open up [brandon opens the Automation demo site]], When brandon fills out the form for the respective registration
| firstName | lastName | address | emailaddress | phone | languages | skills | country | selectcountry | yearbirth | monthbirth | daybirth | password |
| John | Alvarez | Calle 70 | jonalv@gmail.com | 3104500101 | English | Java | Colombia | Australia | 1986 | March | 10 | Jonalv10+ | [Brandon first step register [brandon enters 'John' into First name, brandon enters 'Alvarez' into last name, brandon enters 'Calle 70' into Address, brandon enters 'jonalv@gmail.com' into Email, brandon enters '3104500101' into Phone, brandon clicks on Gender, brandon clicks on Hobbies, brandon clicks on Campo donde se ingresa el idioma, brandon clicks on Campo donde se ingresa el idioma, brandon clicks on Skills, brandon select Java on Skills, brandon clicks on Country, brandon select Colombia on Country, brandon clicks on Selec country combobox, brandon enters 'Australia' into Selec country option, brandon clicks on Year birth, brandon select 1986 on Year birth, brandon clicks on Month birth, brandon select March on Month birth, brandon clicks on Day birth, brandon select 10 on Day birth, brandon enters 'Jonalv10+' into Password, brandon enters 'Jonalv10+' into confirm password, brandon clicks on Upload Register]], Then brandon finally completes his registration successfully
[Test worker] WARN net.thucydides.core.steps.BaseStepListener - TestOutcomes: [Fill out the form for the respective registration:Given brandon opens the website for registration [Brandon open up [brandon opens the Automation demo site]], When brandon fills out the form for the respective registration
| firstName | lastName | address | emailaddress | phone | languages | skills | country | selectcountry | yearbirth | monthbirth | daybirth | password |
| John | Alvarez | Calle 70 | jonalv@gmail.com | 3104500101 | English | Java | Colombia | Australia | 1986 | March | 10 | Jonalv10+ | [Brandon first step register [brandon enters 'John' into First name, brandon enters 'Alvarez' into last name, brandon enters 'Calle 70' into Address, brandon enters 'jonalv@gmail.com' into Email, brandon enters '3104500101' into Phone, brandon clicks on Gender, brandon clicks on Hobbies, brandon clicks on Campo donde se ingresa el idioma, brandon clicks on Campo donde se ingresa el idioma, brandon clicks on Skills, brandon select Java on Skills, brandon clicks on Country, brandon select Colombia on Country, brandon clicks on Selec country combobox, brandon enters 'Australia' into Selec country option, brandon clicks on Year birth, brandon select 1986 on Year birth, brandon clicks on Month birth, brandon select March on Month birth, brandon clicks on Day birth, brandon select 10 on Day birth, brandon enters 'Jonalv10+' into Password, brandon enters 'Jonalv10+' into confirm password, brandon clicks on Upload Register]], Then brandon finally completes his registration successfully]
[Test worker] WARN net.thucydides.core.steps.BaseStepListener - Final testOutcomes: [Fill out the form for the respective registration:Given brandon opens the website for registration [Brandon open up [brandon opens the Automation demo site]], When brandon fills out the form for the respective registration
| firstName | lastName | address | emailaddress | phone | languages | skills | country | selectcountry | yearbirth | monthbirth | daybirth | password |
| John | Alvarez | Calle 70 | jonalv@gmail.com | 3104500101 | English | Java | Colombia | Australia | 1986 | March | 10 | Jonalv10+ | [Brandon first step register [brandon enters 'John' into First name, brandon enters 'Alvarez' into last name, brandon enters 'Calle 70' into Address, brandon enters 'jonalv@gmail.com' into Email, brandon enters '3104500101' into Phone, brandon clicks on Gender, brandon clicks on Hobbies, brandon clicks on Campo donde se ingresa el idioma, brandon clicks on Campo donde se ingresa el idioma, brandon clicks on Skills, brandon select Java on Skills, brandon clicks on Country, brandon select Colombia on Country, brandon clicks on Selec country combobox, brandon enters 'Australia' into Selec country option, brandon clicks on Year birth, brandon select 1986 on Year birth, brandon clicks on Month birth, brandon select March on Month birth, brandon clicks on Day birth, brandon select 10 on Day birth, brandon enters 'Jonalv10+' into Password, brandon enters 'Jonalv10+' into confirm password, brandon clicks on Upload Register]], Then brandon finally completes his registration successfully]
[Test worker] INFO net.thucydides.core.steps.ConsoleLoggingListener - 
        __    _____ _____ ____ _____   ____   _    ____  ____  _____ ____  
  _     \ \  |_   _| ____/ ___|_   _| |  _ \ / \  / ___|/ ___|| ____|  _ \ 
 (_)_____| |   | | |  _| \___ \ | |   | |_) / _ \ \___ \\___ \|  _| | | | |
  _|_____| |   | | | |___ ___) || |   |  __/ ___ \ ___) |___) | |___| |_| |
 (_)     | |   |_| |_____|____/ |_|   |_| /_/   \_\____/|____/|_____|____/ 
        /_/                                                                

TEST PASSED: Fill out the form for the respective registration
----------------------------------------------------------------------------
]]></system-err>
</testsuite>
